TN:
SF:D:\Mayank_EXP\Grommet_Practice\phone-directory\src\js\ContactInfo.js
FN:1,(anonymous_1)
FN:1,defineProperties
FN:1,(anonymous_3)
FN:3,_interopRequireDefault
FN:3,_classCallCheck
FN:3,_possibleConstructorReturn
FN:3,_inherits
FN:5,(anonymous_8)
FN:6,ContactInfo
FN:16,componentDidMount
FN:20,_updatePhoneNo
FN:24,_updateContact
FN:32,render
FNF:13
FNH:0
FNDA:0,(anonymous_1)
FNDA:0,defineProperties
FNDA:0,(anonymous_3)
FNDA:0,_interopRequireDefault
FNDA:0,_classCallCheck
FNDA:0,_possibleConstructorReturn
FNDA:0,_inherits
FNDA:0,(anonymous_8)
FNDA:0,ContactInfo
FNDA:0,componentDidMount
FNDA:0,_updatePhoneNo
FNDA:0,_updateContact
FNDA:0,render
DA:1,0
DA:3,0
DA:5,0
DA:6,0
DA:16,0
DA:18,0
DA:19,0
DA:22,0
DA:23,0
DA:27,0
DA:34,0
DA:35,0
LF:12
LH:0
BRDA:1,1,0,0
BRDA:1,1,1,0
BRDA:1,2,0,0
BRDA:1,2,1,0
BRDA:1,3,0,0
BRDA:1,3,1,0
BRDA:1,4,0,0
BRDA:1,4,1,0
BRDA:3,5,0,0
BRDA:3,5,1,0
BRDA:3,6,0,0
BRDA:3,6,1,0
BRDA:3,7,0,0
BRDA:3,7,1,0
BRDA:3,8,0,0
BRDA:3,8,1,0
BRDA:3,9,0,0
BRDA:3,9,1,0
BRDA:3,10,0,0
BRDA:3,10,1,0
BRDA:3,10,2,0
BRDA:3,11,0,0
BRDA:3,11,1,0
BRDA:3,12,0,0
BRDA:3,12,1,0
BRDA:3,13,0,0
BRDA:3,13,1,0
BRDA:3,14,0,0
BRDA:3,14,1,0
BRDA:3,15,0,0
BRDA:3,15,1,0
BRDA:6,16,0,0
BRDA:6,16,1,0
BRF:33
BRH:0
end_of_record
TN:
SF:D:\Mayank_EXP\Grommet_Practice\phone-directory\src\js\ContactList.js
FN:1,(anonymous_1)
FN:1,defineProperties
FN:1,(anonymous_3)
FN:4,_interopRequireDefault
FN:4,_classCallCheck
FN:4,_possibleConstructorReturn
FN:4,_inherits
FN:6,(anonymous_8)
FN:7,ContactList
FN:12,componentDidMount
FN:15,_goToContactDetails
FN:18,render
FNF:12
FNH:0
FNDA:0,(anonymous_1)
FNDA:0,defineProperties
FNDA:0,(anonymous_3)
FNDA:0,_interopRequireDefault
FNDA:0,_classCallCheck
FNDA:0,_possibleConstructorReturn
FNDA:0,_inherits
FNDA:0,(anonymous_8)
FNDA:0,ContactList
FNDA:0,componentDidMount
FNDA:0,_goToContactDetails
FNDA:0,render
DA:1,0
DA:4,0
DA:6,0
DA:7,0
DA:12,0
DA:14,0
DA:20,0
DA:21,0
LF:8
LH:0
BRDA:1,1,0,0
BRDA:1,1,1,0
BRDA:1,2,0,0
BRDA:1,2,1,0
BRDA:1,3,0,0
BRDA:1,3,1,0
BRDA:1,4,0,0
BRDA:1,4,1,0
BRDA:4,5,0,0
BRDA:4,5,1,0
BRDA:4,6,0,0
BRDA:4,6,1,0
BRDA:4,7,0,0
BRDA:4,7,1,0
BRDA:4,8,0,0
BRDA:4,8,1,0
BRDA:4,9,0,0
BRDA:4,9,1,0
BRDA:4,10,0,0
BRDA:4,10,1,0
BRDA:4,10,2,0
BRDA:4,11,0,0
BRDA:4,11,1,0
BRDA:4,12,0,0
BRDA:4,12,1,0
BRDA:4,13,0,0
BRDA:4,13,1,0
BRDA:4,14,0,0
BRDA:4,14,1,0
BRDA:4,15,0,0
BRDA:4,15,1,0
BRDA:7,16,0,0
BRDA:7,16,1,0
BRF:33
BRH:0
end_of_record
TN:
SF:D:\Mayank_EXP\Grommet_Practice\phone-directory\src\js\Main.js
FN:1,(anonymous_1)
FN:1,defineProperties
FN:1,(anonymous_3)
FN:3,_classCallCheck
FN:3,_possibleConstructorReturn
FN:3,_inherits
FN:4,(anonymous_7)
FN:5,Main
FN:8,_goToHome
FN:11,render
FNF:10
FNH:0
FNDA:0,(anonymous_1)
FNDA:0,defineProperties
FNDA:0,(anonymous_3)
FNDA:0,_classCallCheck
FNDA:0,_possibleConstructorReturn
FNDA:0,_inherits
FNDA:0,(anonymous_7)
FNDA:0,Main
FNDA:0,_goToHome
FNDA:0,render
DA:1,0
DA:3,0
DA:4,0
DA:5,0
DA:8,0
DA:13,0
DA:27,0
LF:7
LH:0
BRDA:1,1,0,0
BRDA:1,1,1,0
BRDA:1,2,0,0
BRDA:1,2,1,0
BRDA:1,3,0,0
BRDA:1,3,1,0
BRDA:1,4,0,0
BRDA:1,4,1,0
BRDA:3,5,0,0
BRDA:3,5,1,0
BRDA:3,6,0,0
BRDA:3,6,1,0
BRDA:3,7,0,0
BRDA:3,7,1,0
BRDA:3,8,0,0
BRDA:3,8,1,0
BRDA:3,8,2,0
BRDA:3,9,0,0
BRDA:3,9,1,0
BRDA:3,10,0,0
BRDA:3,10,1,0
BRDA:3,11,0,0
BRDA:3,11,1,0
BRDA:3,12,0,0
BRDA:3,12,1,0
BRDA:3,13,0,0
BRDA:3,13,1,0
BRDA:5,14,0,0
BRDA:5,14,1,0
BRF:29
BRH:0
end_of_record
TN:
SF:D:\Mayank_EXP\Grommet_Practice\phone-directory\src\js\hello.js
FN:1,(anonymous_1)
FN:1,defineProperties
FN:1,(anonymous_3)
FN:2,_interopRequireDefault
FN:2,_classCallCheck
FN:2,_possibleConstructorReturn
FN:2,_inherits
FN:3,(anonymous_8)
FN:4,hello
FN:6,render
FNF:10
FNH:0
FNDA:0,(anonymous_1)
FNDA:0,defineProperties
FNDA:0,(anonymous_3)
FNDA:0,_interopRequireDefault
FNDA:0,_classCallCheck
FNDA:0,_possibleConstructorReturn
FNDA:0,_inherits
FNDA:0,(anonymous_8)
FNDA:0,hello
FNDA:0,render
DA:1,0
DA:2,0
DA:3,0
DA:4,0
DA:6,0
DA:8,0
DA:9,0
DA:10,0
LF:8
LH:0
BRDA:1,1,0,0
BRDA:1,1,1,0
BRDA:1,2,0,0
BRDA:1,2,1,0
BRDA:1,3,0,0
BRDA:1,3,1,0
BRDA:1,4,0,0
BRDA:1,4,1,0
BRDA:2,5,0,0
BRDA:2,5,1,0
BRDA:2,6,0,0
BRDA:2,6,1,0
BRDA:2,7,0,0
BRDA:2,7,1,0
BRDA:2,8,0,0
BRDA:2,8,1,0
BRDA:2,9,0,0
BRDA:2,9,1,0
BRDA:2,10,0,0
BRDA:2,10,1,0
BRDA:2,10,2,0
BRDA:2,11,0,0
BRDA:2,11,1,0
BRDA:2,12,0,0
BRDA:2,12,1,0
BRDA:2,13,0,0
BRDA:2,13,1,0
BRDA:2,14,0,0
BRDA:2,14,1,0
BRDA:2,15,0,0
BRDA:2,15,1,0
BRDA:4,16,0,0
BRDA:4,16,1,0
BRF:33
BRH:0
end_of_record
TN:
SF:D:\Mayank_EXP\Grommet_Practice\phone-directory\src\js\index.js
FN:10,_interopRequireDefault
FNF:1
FNH:0
FNDA:0,_interopRequireDefault
DA:10,0
DA:11,0
LF:2
LH:0
BRDA:10,1,0,0
BRDA:10,1,1,0
BRDA:10,2,0,0
BRDA:10,2,1,0
BRF:4
BRH:0
end_of_record
TN:
SF:D:\Mayank_EXP\Grommet_Practice\phone-directory\src\js\store\store.js
FN:22,getContacts
FN:26,getContactById
FN:27,(anonymous_3)
FN:32,updateContact
FN:33,(anonymous_5)
FNF:5
FNH:3
FNDA:1,getContacts
FNDA:1,getContactById
FNDA:4,(anonymous_3)
FNDA:0,updateContact
FNDA:0,(anonymous_5)
DA:1,1
DA:2,1
DA:23,1
DA:27,1
DA:28,4
DA:30,1
DA:33,0
DA:34,0
DA:35,0
DA:37,0
DA:40,1
DA:41,1
DA:42,1
LF:13
LH:9
BRDA:30,1,0,1
BRDA:30,1,1,0
BRDA:34,2,0,0
BRDA:34,2,1,0
BRF:4
BRH:1
end_of_record
